<?xml version="1.0" encoding="UTF-8"?>
<!-- Generated by org.testng.reporters.JUnitXMLReporter -->
<testsuite ignored="4" hostname="IQAL96-Mayank" failures="1" tests="1" name="Test" time="19.414" errors="0" timestamp="2023-08-31T15:18:26 IST">
  <testcase classname="appiumTest.appiumBasic" name="ScrollPage" time="18.372">
    <failure type="org.openqa.selenium.NoSuchElementException" message="An element could not be located on the page using the given search parameters.
For documentation on this error, please visit: https://www.selenium.dev/documentation/webdriver/troubleshooting/errors#no-such-element-exception
Build info: version: &amp;apos;4.11.0&amp;apos;, revision: &amp;apos;040bc5406b&amp;apos;
System info: os.name: &amp;apos;Windows 10&amp;apos;, os.arch: &amp;apos;amd64&amp;apos;, os.version: &amp;apos;10.0&amp;apos;, java.version: &amp;apos;17.0.3&amp;apos;
Driver info: io.appium.java_client.android.AndroidDriver
Command: [6185a2e1-4cfb-455f-957e-39b340032904, findElement {using=accessibility id, value=WebView}]
Capabilities {appium:app: D:\Appium-WorkSpace\Appium\..., appium:appPackage: io.appium.android.apis, appium:automationName: UiAutomator2, appium:databaseEnabled: false, appium:desired: {app: D:\Appium-WorkSpace\Appium\..., automationName: UiAutomator2, deviceName: Galaxy S10, newCommandTimeout: 30, platformName: ANDROID, platformVersion: 12.0, udid: RZ8M22QQM5M}, appium:deviceApiLevel: 31, appium:deviceManufacturer: samsung, appium:deviceModel: SM-G973F, appium:deviceName: RZ8M22QQM5M, appium:deviceScreenDensity: 420, appium:deviceScreenSize: 1080x2280, appium:deviceUDID: RZ8M22QQM5M, appium:javascriptEnabled: true, appium:locationContextEnabled: false, appium:networkConnectionEnabled: true, appium:newCommandTimeout: 30, appium:pixelRatio: 2.625, appium:platformVersion: 12, appium:statBarHeight: 112, appium:takesScreenshot: true, appium:udid: RZ8M22QQM5M, appium:viewportRect: {height: 1930, left: 0, top: 112, width: 1080}, appium:warnings: {}, appium:webStorageEnabled: false, platformName: ANDROID}
Session ID: 6185a2e1-4cfb-455f-957e-39b340032904">
      <![CDATA[org.openqa.selenium.NoSuchElementException: An element could not be located on the page using the given search parameters.
For documentation on this error, please visit: https://www.selenium.dev/documentation/webdriver/troubleshooting/errors#no-such-element-exception
Build info: version: '4.11.0', revision: '040bc5406b'
System info: os.name: 'Windows 10', os.arch: 'amd64', os.version: '10.0', java.version: '17.0.3'
Driver info: io.appium.java_client.android.AndroidDriver
Command: [6185a2e1-4cfb-455f-957e-39b340032904, findElement {using=accessibility id, value=WebView}]
Capabilities {appium:app: D:\Appium-WorkSpace\Appium\..., appium:appPackage: io.appium.android.apis, appium:automationName: UiAutomator2, appium:databaseEnabled: false, appium:desired: {app: D:\Appium-WorkSpace\Appium\..., automationName: UiAutomator2, deviceName: Galaxy S10, newCommandTimeout: 30, platformName: ANDROID, platformVersion: 12.0, udid: RZ8M22QQM5M}, appium:deviceApiLevel: 31, appium:deviceManufacturer: samsung, appium:deviceModel: SM-G973F, appium:deviceName: RZ8M22QQM5M, appium:deviceScreenDensity: 420, appium:deviceScreenSize: 1080x2280, appium:deviceUDID: RZ8M22QQM5M, appium:javascriptEnabled: true, appium:locationContextEnabled: false, appium:networkConnectionEnabled: true, appium:newCommandTimeout: 30, appium:pixelRatio: 2.625, appium:platformVersion: 12, appium:statBarHeight: 112, appium:takesScreenshot: true, appium:udid: RZ8M22QQM5M, appium:viewportRect: {height: 1930, left: 0, top: 112, width: 1080}, appium:warnings: {}, appium:webStorageEnabled: false, platformName: ANDROID}
Session ID: 6185a2e1-4cfb-455f-957e-39b340032904
at org.openqa.selenium.remote.codec.w3c.W3CHttpResponseCodec.createException(W3CHttpResponseCodec.java:200)
at org.openqa.selenium.remote.codec.w3c.W3CHttpResponseCodec.decode(W3CHttpResponseCodec.java:133)
at org.openqa.selenium.remote.codec.w3c.W3CHttpResponseCodec.decode(W3CHttpResponseCodec.java:52)
at org.openqa.selenium.remote.HttpCommandExecutor.execute(HttpCommandExecutor.java:191)
at io.appium.java_client.remote.AppiumCommandExecutor.execute(AppiumCommandExecutor.java:250)
at org.openqa.selenium.remote.RemoteWebDriver.execute(RemoteWebDriver.java:518)
at org.openqa.selenium.remote.ElementLocation$ElementFinder$2.findElement(ElementLocation.java:165)
at org.openqa.selenium.remote.ElementLocation.findElement(ElementLocation.java:59)
at org.openqa.selenium.remote.RemoteWebDriver.findElement(RemoteWebDriver.java:355)
at org.openqa.selenium.remote.RemoteWebDriver.findElement(RemoteWebDriver.java:349)
at appiumTest.appiumBasic.ScrollPage(appiumBasic.java:65)
at java.base/java.util.ArrayList.forEach(ArrayList.java:1511)
... Removed 32 stack frames]]>
    </failure>
  </testcase> <!-- ScrollPage -->
  <testcase classname="appiumTest.appiumBasic" name="longPress" time="0.0">
    <ignored/>
  </testcase> <!-- longPress -->
  <testcase classname="appiumTest.appiumBasic" name="runBrowser" time="0.0">
    <ignored/>
  </testcase> <!-- runBrowser -->
  <testcase classname="appiumTest.appiumBasic" name="SwipePage" time="0.0">
    <ignored/>
  </testcase> <!-- SwipePage -->
  <testcase classname="appiumTest.appiumBasic" name="DragAndDrop" time="0.0">
    <ignored/>
  </testcase> <!-- DragAndDrop -->
</testsuite> <!-- Test -->
